LR
************************************
df_ta shape (5221, 57)
After pipeline data shape (5221, 46)
../ml_exp/pipe/y17_train_text-LR.pkl
model type: LR
../ml_exp/preds/y17_train_text-LR_y17_test_text_t0.5.csv
df_ts shape (995, 57)
f1 using f1_score average=macro: 0.7602961987822938
confusion matrix:

[[166 113]
 [ 70 646]]
             precision    recall  f1-score   support

          0       0.70      0.59      0.64       279
          1       0.85      0.90      0.88       716

avg / total       0.81      0.82      0.81       995


INCORRECT UTTERANCES (279)
CorrectReject    166
GrossFalseAccept 55*3 = 165
PlainFalseAccept 58
RejectionRate    0.4267

CORRECT UTTERANCES (716)
CorrectAccept    646
FalseReject      70
RejectionRate    0.0978

D                4.3649
************************************
************************************
df_ta shape (5221, 57)
After pipeline data shape (5221, 46)
../ml_exp/pipe/y17_train_text-LR.pkl
model type: LR
../ml_exp/preds/y17_train_text-LR_y17_test_text_t0.35.csv
df_ts shape (995, 57)
f1 using f1_score average=macro: 0.7331167240086934
confusion matrix:

[[131 148]
 [ 37 679]]
             precision    recall  f1-score   support

          0       0.78      0.47      0.59       279
          1       0.82      0.95      0.88       716

avg / total       0.81      0.81      0.80       995


INCORRECT UTTERANCES (279)
CorrectReject    131
GrossFalseAccept 73*3 = 219
PlainFalseAccept 75
RejectionRate    0.3082

CORRECT UTTERANCES (716)
CorrectAccept    679
FalseReject      37
RejectionRate    0.0517

D                5.9648
************************************
SVC
************************************
df_ta shape (5221, 57)
After pipeline data shape (5221, 46)
../ml_exp/pipe/y17_train_text-SVC.pkl
model type: SVC
../ml_exp/preds/y17_train_text-SVC_y17_test_text_t0.5.csv
df_ts shape (995, 57)
f1 using f1_score average=macro: 0.7641034306155355
confusion matrix:

[[169 110]
 [ 71 645]]
             precision    recall  f1-score   support

          0       0.70      0.61      0.65       279
          1       0.85      0.90      0.88       716

avg / total       0.81      0.82      0.81       995


INCORRECT UTTERANCES (279)
CorrectReject    169
GrossFalseAccept 56*3 = 168
PlainFalseAccept 54
RejectionRate    0.4322

CORRECT UTTERANCES (716)
CorrectAccept    645
FalseReject      71
RejectionRate    0.0992

D                4.3588
************************************
************************************
df_ta shape (5221, 57)
After pipeline data shape (5221, 46)
../ml_exp/pipe/y17_train_text-SVC.pkl
model type: SVC
../ml_exp/preds/y17_train_text-SVC_y17_test_text_t0.35.csv
df_ts shape (995, 57)
f1 using f1_score average=macro: 0.7447462602456861
confusion matrix:

[[143 136]
 [ 47 669]]
             precision    recall  f1-score   support

          0       0.75      0.51      0.61       279
          1       0.83      0.93      0.88       716

avg / total       0.81      0.82      0.80       995


INCORRECT UTTERANCES (279)
CorrectReject    143
GrossFalseAccept 69*3 = 207
PlainFalseAccept 67
RejectionRate    0.3429

CORRECT UTTERANCES (716)
CorrectAccept    669
FalseReject      47
RejectionRate    0.0656

D                5.2241
************************************
RF
************************************
df_ta shape (5221, 57)
After pipeline data shape (5221, 46)
../ml_exp/pipe/y17_train_text-RF.pkl
model type: RF
../ml_exp/preds/y17_train_text-RF_y17_test_text_t0.5.csv
df_ts shape (995, 57)
f1 using f1_score average=macro: 0.7253525352535255
confusion matrix:

[[149 130]
 [ 77 639]]
             precision    recall  f1-score   support

          0       0.66      0.53      0.59       279
          1       0.83      0.89      0.86       716

avg / total       0.78      0.79      0.78       995


INCORRECT UTTERANCES (279)
CorrectReject    149
GrossFalseAccept 68*3 = 204
PlainFalseAccept 62
RejectionRate    0.3590

CORRECT UTTERANCES (716)
CorrectAccept    639
FalseReject      77
RejectionRate    0.1075

D                3.3386
************************************
************************************
df_ta shape (5221, 57)
After pipeline data shape (5221, 46)
../ml_exp/pipe/y17_train_text-RF.pkl
model type: RF
../ml_exp/preds/y17_train_text-RF_y17_test_text_t0.35.csv
df_ts shape (995, 57)
f1 using f1_score average=macro: 0.6888476782662448
confusion matrix:

[[115 164]
 [ 51 665]]
             precision    recall  f1-score   support

          0       0.69      0.41      0.52       279
          1       0.80      0.93      0.86       716

avg / total       0.77      0.78      0.76       995


INCORRECT UTTERANCES (279)
CorrectReject    115
GrossFalseAccept 83*3 = 249
PlainFalseAccept 81
RejectionRate    0.2584

CORRECT UTTERANCES (716)
CorrectAccept    665
FalseReject      51
RejectionRate    0.0712

D                3.6281
************************************
XGB
************************************
df_ta shape (5221, 57)
After pipeline data shape (5221, 46)
../ml_exp/pipe/y17_train_text-XGB.pkl
model type: XGB
../ml_exp/preds/y17_train_text-XGB_y17_test_text_t0.5.csv
df_ts shape (995, 57)
f1 using f1_score average=macro: 0.7528067912719891
confusion matrix:

[[162 117]
 [ 71 645]]
             precision    recall  f1-score   support

          0       0.70      0.58      0.63       279
          1       0.85      0.90      0.87       716

avg / total       0.80      0.81      0.81       995


INCORRECT UTTERANCES (279)
CorrectReject    162
GrossFalseAccept 59*3 = 177
PlainFalseAccept 58
RejectionRate    0.4081

CORRECT UTTERANCES (716)
CorrectAccept    645
FalseReject      71
RejectionRate    0.0992

D                4.1151
************************************
************************************
df_ta shape (5221, 57)
After pipeline data shape (5221, 46)
../ml_exp/pipe/y17_train_text-XGB.pkl
model type: XGB
../ml_exp/preds/y17_train_text-XGB_y17_test_text_t0.35.csv
df_ts shape (995, 57)
f1 using f1_score average=macro: 0.7129201517715134
confusion matrix:

[[124 155]
 [ 44 672]]
             precision    recall  f1-score   support

          0       0.74      0.44      0.55       279
          1       0.81      0.94      0.87       716

avg / total       0.79      0.80      0.78       995


INCORRECT UTTERANCES (279)
CorrectReject    124
GrossFalseAccept 76*3 = 228
PlainFalseAccept 79
RejectionRate    0.2877

CORRECT UTTERANCES (716)
CorrectAccept    672
FalseReject      44
RejectionRate    0.0615

D                4.6817
************************************
Ensemble
************************************
df_ta shape (5221, 57)
After pipeline data shape (5221, 46)
../ml_exp/pipe/y17_train_text-Ensemble.pkl
model type: Ensemble
../ml_exp/preds/y17_train_text-Ensemble_y17_test_text_t0.5.csv
df_ts shape (995, 57)
f1 using f1_score average=macro: 0.7606959362313939
confusion matrix:

[[165 114]
 [ 68 648]]
             precision    recall  f1-score   support

          0       0.71      0.59      0.64       279
          1       0.85      0.91      0.88       716

avg / total       0.81      0.82      0.81       995


INCORRECT UTTERANCES (279)
CorrectReject    165
GrossFalseAccept 59*3 = 177
PlainFalseAccept 55
RejectionRate    0.4156

CORRECT UTTERANCES (716)
CorrectAccept    648
FalseReject      68
RejectionRate    0.0950

D                4.3762
************************************
************************************
df_ta shape (5221, 57)
After pipeline data shape (5221, 46)
../ml_exp/pipe/y17_train_text-Ensemble.pkl
model type: Ensemble
../ml_exp/preds/y17_train_text-Ensemble_y17_test_text_t0.35.csv
df_ts shape (995, 57)
f1 using f1_score average=macro: 0.727486218430591
confusion matrix:

[[128 151]
 [ 37 679]]
             precision    recall  f1-score   support

          0       0.78      0.46      0.58       279
          1       0.82      0.95      0.88       716

avg / total       0.81      0.81      0.79       995


INCORRECT UTTERANCES (279)
CorrectReject    128
GrossFalseAccept 78*3 = 234
PlainFalseAccept 73
RejectionRate    0.2943

CORRECT UTTERANCES (716)
CorrectAccept    679
FalseReject      37
RejectionRate    0.0517

D                5.6942
************************************
